[2026-04-03T02:53:43.723Z] GET https://www.jj-vcs.dev/latest/revsets/ → 200 (633ms, 79812B)
[2026-04-03T02:53:44.364Z] GET https://www.jj-vcs.dev/latest/assets/stylesheets/main.84d31ad4.min.css → 200 (72ms, 131798B)
[2026-04-03T02:53:44.365Z] GET https://www.jj-vcs.dev/latest/assets/stylesheets/palette.06af60db.min.css → 200 (70ms, 12522B)
[2026-04-03T02:53:44.365Z] GET https://fonts.googleapis.com/css?family=Roboto:300,300i,400,400i,700,700i%7CGoogle+Sans+Code:400,400i,700,700i&display=fallback → 200 (149ms, ?B)
[2026-04-03T02:53:44.419Z] GET https://www.jj-vcs.dev/latest/assets/javascripts/bundle.f55a23d4.min.js → 200 (88ms, 108058B)
[2026-04-03T02:53:44.608Z] GET https://www.jj-vcs.dev/latest/assets/javascripts/workers/search.973d3a69.min.js → pending (?ms, ?B)
[2026-04-03T02:53:44.628Z] GET https://fonts.gstatic.com/s/roboto/v51/KFO7CnqEu92Fr1ME7kSn66aGLdTylUAMa3yUBHMdazQ.woff2 → pending (?ms, ?B)
[2026-04-03T02:53:44.628Z] GET https://fonts.gstatic.com/s/googlesanscode/v14/pxifyogzv91QhV44Z_GQBHsGf5PuWE5kr0SqrvI.woff2 → pending (?ms, ?B)
[2026-04-03T02:53:44.629Z] GET https://fonts.gstatic.com/s/roboto/v51/KFO5CnqEu92Fr1Mu53ZEC9_Vu3r1gIhOszmkBnkaSTbQWg.woff2 → pending (?ms, ?B)
[2026-04-03T02:53:44.631Z] GET https://www.jj-vcs.dev/latest/sitemap.xml → pending (?ms, ?B)
[2026-04-03T02:53:44.648Z] GET https://www.jj-vcs.dev/versions.json → pending (?ms, ?B)
[2026-04-03T02:53:44.680Z] GET https://www.jj-vcs.dev/latest/search/search_index.json → pending (?ms, ?B)
[2026-04-03T02:53:44.796Z] GET https://api.github.com/repos/jj-vcs/jj/releases/latest → 200 (24ms, 19093B)
[2026-04-03T02:53:44.813Z] GET https://api.github.com/repos/jj-vcs/jj → 200 (7ms, 6677B)
[2026-04-03T02:53:44.815Z] GET https://fonts.gstatic.com/s/roboto/v51/KFO7CnqEu92Fr1ME7kSn66aGLdTylUAMawCUBHMdazTgWw.woff2 → 200 (27ms, 36292B)
[2026-04-03T02:53:44.815Z] GET https://fonts.gstatic.com/s/roboto/v51/KFO7CnqEu92Fr1ME7kSn66aGLdTylUAMaxKUBHMdazTgWw.woff2 → 200 (37ms, 16692B)
[2026-04-03T02:53:54.533Z] GET https://www.jj-vcs.dev/v0.39.0/revsets/ → pending (?ms, ?B)
[2026-04-03T02:53:54.963Z] GET https://www.jj-vcs.dev/v0.39.0/assets/stylesheets/main.84d31ad4.min.css → 200 (552ms, ?B)
[2026-04-03T02:53:54.964Z] GET https://www.jj-vcs.dev/v0.39.0/assets/stylesheets/palette.06af60db.min.css → 200 (565ms, 12522B)
[2026-04-03T02:53:54.964Z] GET https://fonts.googleapis.com/css?family=Roboto:300,300i,400,400i,700,700i%7CGoogle+Sans+Code:400,400i,700,700i&display=fallback → 200 (?ms, 60493B)
[2026-04-03T02:53:55.027Z] GET https://www.jj-vcs.dev/v0.39.0/assets/javascripts/bundle.f55a23d4.min.js → pending (?ms, ?B)
[2026-04-03T02:53:56.142Z] GET https://fonts.gstatic.com/s/googlesanscode/v14/pxifyogzv91QhV44Z_GQBHsGf5PuWE5kr0SqrvI.woff2 → 200 (?ms, ?B)
[2026-04-03T02:53:56.142Z] GET https://fonts.gstatic.com/s/roboto/v51/KFO5CnqEu92Fr1Mu53ZEC9_Vu3r1gIhOszmkBnkaSTbQWg.woff2 → 200 (?ms, ?B)
[2026-04-03T02:53:56.142Z] GET https://fonts.gstatic.com/s/roboto/v51/KFO7CnqEu92Fr1ME7kSn66aGLdTylUAMawCUBHMdazTgWw.woff2 → 200 (?ms, ?B)
[2026-04-03T02:53:56.143Z] GET https://fonts.gstatic.com/s/roboto/v51/KFO7CnqEu92Fr1ME7kSn66aGLdTylUAMaxKUBHMdazTgWw.woff2 → 200 (?ms, ?B)
[2026-04-03T02:53:56.143Z] GET https://fonts.gstatic.com/s/roboto/v51/KFO7CnqEu92Fr1ME7kSn66aGLdTylUAMa3yUBHMdazQ.woff2 → 200 (?ms, ?B)
[2026-04-03T02:53:56.212Z] GET https://www.jj-vcs.dev/v0.39.0/assets/javascripts/workers/search.973d3a69.min.js → 200 (282ms, ?B)
[2026-04-03T02:53:56.231Z] GET https://www.jj-vcs.dev/v0.39.0/sitemap.xml → 200 (348ms, 6726B)
[2026-04-03T02:53:56.232Z] GET https://www.jj-vcs.dev/versions.json → 200 (49ms, 2986B)
[2026-04-03T02:53:56.232Z] GET https://www.jj-vcs.dev/v0.39.0/search/search_index.json → 200 (396ms, ?B)
[2026-04-03T02:53:56.234Z] GET https://api.github.com/repos/jj-vcs/jj/releases/latest → 200 (5ms, 19093B)
[2026-04-03T02:53:56.236Z] GET https://api.github.com/repos/jj-vcs/jj → 200 (3ms, 6677B)
[2026-04-03T02:53:56.444Z] GET https://github.com/jj-vcs/jj/blob/main/cli/src/config/revsets.toml → pending (?ms, ?B)
[2026-04-03T02:53:57.071Z] GET https://github.githubassets.com/assets/light-0c8222dcd7a4f9b7.css → 200 (21ms, 76775B)
[2026-04-03T02:53:57.071Z] GET https://github.githubassets.com/assets/light_high_contrast-51c0c6e0c085cc0f.css → 200 (24ms, 77397B)
[2026-04-03T02:53:57.071Z] GET https://github.githubassets.com/assets/dark-fc6eec18532c3ae0.css → 200 (22ms, 76607B)
[2026-04-03T02:53:57.072Z] GET https://github.githubassets.com/assets/dark_high_contrast-96d7b2bab5a6ae4e.css → 200 (23ms, 77291B)
[2026-04-03T02:53:57.072Z] GET https://github.githubassets.com/assets/primer-primitives-10bf9dd67e3d70bd.css → 200 (23ms, 10084B)
[2026-04-03T02:53:57.073Z] GET https://github.githubassets.com/assets/primer-0fcd9af82350aeda.css → 200 (35ms, 412867B)
[2026-04-03T02:53:57.073Z] GET https://github.githubassets.com/assets/global-0bd78641c0a1f3e0.css → 200 (33ms, 299811B)
[2026-04-03T02:53:57.073Z] GET https://github.githubassets.com/assets/github-c94ab8d1f22049a8.css → 200 (25ms, 156676B)
[2026-04-03T02:53:57.073Z] GET https://github.githubassets.com/assets/repository-6ec84ae2261fecf8.css → 200 (23ms, 31098B)
[2026-04-03T02:53:57.073Z] GET https://github.githubassets.com/assets/code-2d31826944fd3be8.css → 200 (33ms, 32359B)
[2026-04-03T02:53:57.073Z] GET https://github.githubassets.com/assets/high-contrast-cookie-fed1d93364101384.js → 200 (41ms, 1298B)
[2026-04-03T02:53:57.073Z] GET https://github.githubassets.com/assets/wp-runtime-535e2541d53f87b0.js → 200 (118ms, 48193B)
[2026-04-03T02:53:57.073Z] GET https://github.githubassets.com/assets/fetch-utilities-78a4114cfa572239.js → 200 (116ms, 7347B)
[2026-04-03T02:53:57.073Z] GET https://github.githubassets.com/assets/85924-e131bec5f99667e1.js → 200 (134ms, 13471B)
[2026-04-03T02:53:57.073Z] GET https://github.githubassets.com/assets/28839-734cb6d8a7150172.js → 200 (135ms, 19836B)
[2026-04-03T02:53:57.073Z] GET https://github.githubassets.com/assets/34646-edd5528648c197b1.js → 200 (134ms, 16421B)
[2026-04-03T02:53:57.073Z] GET https://github.githubassets.com/assets/environment-51c0968cf21c176d.js → 200 (136ms, 20174B)
[2026-04-03T02:53:57.074Z] GET https://github.githubassets.com/assets/runtime-helpers-3bb6f7d6b7a2f531.js → 200 (134ms, 2746B)
[2026-04-03T02:53:57.074Z] GET https://github.githubassets.com/assets/2966-f6796bfd155feae1.js → 200 (135ms, 20266B)
[2026-04-03T02:53:57.074Z] GET https://github.githubassets.com/assets/96232-69d46a31854353d4.js → 200 (136ms, 9639B)
[2026-04-03T02:53:57.074Z] GET https://github.githubassets.com/assets/41013-7a6deee6d6ff15eb.js → 200 (138ms, 17171B)
[2026-04-03T02:53:57.074Z] GET https://github.githubassets.com/assets/51210-3abb7238871a5b29.js → 200 (136ms, 14052B)
[2026-04-03T02:53:57.074Z] GET https://github.githubassets.com/assets/64247-7de91c52a8aca0eb.js → 200 (135ms, 25295B)
[2026-04-03T02:53:57.075Z] GET https://github.githubassets.com/assets/81683-1370179bf9bdc0f0.js → 200 (135ms, 18233B)
[2026-04-03T02:53:57.075Z] GET https://github.githubassets.com/assets/46740-6606b1026a237412.js → 200 (137ms, 12298B)
[2026-04-03T02:53:57.075Z] GET https://github.githubassets.com/assets/53102-f34caec7b425fe9f.js → 200 (141ms, 156455B)
[2026-04-03T02:53:57.075Z] GET https://github.githubassets.com/assets/github-elements-32fbe2698fc2a4f0.js → 200 (137ms, 30666B)
[2026-04-03T02:53:57.075Z] GET https://github.githubassets.com/assets/element-registry-2c7c75ef125262db.js → 200 (140ms, 80433B)
[2026-04-03T02:53:57.075Z] GET https://github.githubassets.com/assets/react-core-2e47687b4310af0f.js → 200 (146ms, 186706B)
[2026-04-03T02:53:57.076Z] GET https://github.githubassets.com/assets/react-lib-a4cf89fce9a1300a.js → 200 (194ms, 382362B)
[2026-04-03T02:53:57.076Z] GET https://github.githubassets.com/assets/7053-fe40037405b8998b.js → 200 (139ms, 8763B)
[2026-04-03T02:53:57.076Z] GET https://github.githubassets.com/assets/79039-2565b539a6ebc09b.js → 200 (142ms, 16419B)
[2026-04-03T02:53:57.076Z] GET https://github.githubassets.com/assets/61110-93cf7706e5dc8bfa.js → 200 (141ms, 9977B)
[2026-04-03T02:53:57.076Z] GET https://github.githubassets.com/assets/2887-47ac9a4b8862e6bf.js → 200 (142ms, 4925B)
[2026-04-03T02:53:57.076Z] GET https://github.githubassets.com/assets/26533-4df1172b25427069.js → 200 (154ms, 74986B)
[2026-04-03T02:53:57.077Z] GET https://github.githubassets.com/assets/45695-0f7265ae0cee4917.js → 200 (143ms, 10583B)
[2026-04-03T02:53:57.077Z] GET https://github.githubassets.com/assets/86483-92f38323ee870655.js → 200 (143ms, 8684B)
[2026-04-03T02:53:57.077Z] GET https://github.githubassets.com/assets/86659-ee83bc63b54d5ea9.js → 200 (150ms, 39748B)
[2026-04-03T02:53:57.077Z] GET https://github.githubassets.com/assets/60481-19fcf1c5670a41f1.js → 200 (143ms, 8217B)
[2026-04-03T02:53:57.077Z] GET https://github.githubassets.com/assets/46287-a173e8d4423a732c.js → 200 (150ms, 36723B)
[2026-04-03T02:53:57.077Z] GET https://github.githubassets.com/assets/2498-7a413c8209222158.js → 200 (144ms, 9107B)
[2026-04-03T02:53:57.077Z] GET https://github.githubassets.com/assets/61025-40fd5e83cbe4bc66.js → 200 (153ms, 29586B)
[2026-04-03T02:53:57.077Z] GET https://github.githubassets.com/assets/89627-fbbd31c43d83e10c.js → 200 (153ms, 10745B)
[2026-04-03T02:53:57.077Z] GET https://github.githubassets.com/assets/49029-32f138b26aa15ad8.js → 200 (156ms, 11933B)
[2026-04-03T02:53:57.077Z] GET https://github.githubassets.com/assets/99328-5e06da57c4622e21.js → 200 (157ms, 7196B)
[2026-04-03T02:53:57.077Z] GET https://github.githubassets.com/assets/behaviors-71b614800b479109.js → 200 (204ms, 223328B)
[2026-04-03T02:53:57.077Z] GET https://github.githubassets.com/assets/react-core.d14f70276c05a07b.module.css → 200 (29ms, 446B)
[2026-04-03T02:53:57.077Z] GET https://github.githubassets.com/assets/4244-d5dcb589fae0ecbf.js → 200 (162ms, 11440B)
[2026-04-03T02:53:57.077Z] GET https://github.githubassets.com/assets/notifications-global-206312e9c9776c21.js → 200 (177ms, 10985B)
[2026-04-03T02:53:57.077Z] GET https://github.githubassets.com/assets/34140-bd56b738d77cb446.js → 200 (163ms, 9404B)
[2026-04-03T02:53:57.078Z] GET https://github.githubassets.com/assets/code-menu-34c67a8e6616ccae.js → 200 (161ms, 5791B)
[2026-04-03T02:53:57.078Z] GET https://github.githubassets.com/assets/primer-react-72d2ec7521017972.js → 200 (219ms, 641785B)
[2026-04-03T02:53:57.078Z] GET https://github.githubassets.com/assets/octicons-react-a181826f33dcd4d8.js → 200 (218ms, 431057B)
[2026-04-03T02:53:57.078Z] GET https://github.githubassets.com/assets/87376-216370dc132be7e5.js → 200 (195ms, 40678B)
[2026-04-03T02:53:57.078Z] GET https://github.githubassets.com/assets/37869-a873e81f0fcb98e2.js → 200 (197ms, 32153B)
[2026-04-03T02:53:57.078Z] GET https://github.githubassets.com/assets/68751-fe5cb40b5547c377.js → 200 (195ms, 11881B)
[2026-04-03T02:53:57.078Z] GET https://github.githubassets.com/assets/7463-f34e26efc84a7578.js → 200 (198ms, 22452B)
[2026-04-03T02:53:57.078Z] GET https://github.githubassets.com/assets/15272-00d6ef52b0f88c77.js → 200 (198ms, 9661B)
[2026-04-03T02:53:57.078Z] GET https://github.githubassets.com/assets/32769-329cba91f224b6ee.js → 200 (201ms, 6532B)
[2026-04-03T02:53:57.078Z] GET https://github.githubassets.com/assets/46148-0e40187c0246d203.js → 200 (201ms, 14098B)
[2026-04-03T02:53:57.078Z] GET https://github.githubassets.com/assets/91498-c4157c3b474acdfa.js → 200 (215ms, 139726B)
[2026-04-03T02:53:57.078Z] GET https://github.githubassets.com/assets/50938-5b5d5a0255a1f741.js → 200 (203ms, 10943B)
[2026-04-03T02:53:57.078Z] GET https://github.githubassets.com/assets/97519-def3535ce684b22d.js → 200 (204ms, 12525B)
[2026-04-03T02:53:57.078Z] GET https://github.githubassets.com/assets/60350-a2a4baae8ada6147.js → 200 (164ms, 9167B)
[2026-04-03T02:53:57.078Z] GET https://github.githubassets.com/assets/24844-58b030e66defd270.js → 200 (203ms, 3969B)
[2026-04-03T02:53:57.079Z] GET https://github.githubassets.com/assets/63991-125a5c660965e63e.js → 200 (203ms, 7313B)
[2026-04-03T02:53:57.079Z] GET https://github.githubassets.com/assets/73022-ba0350cffceb8489.js → 200 (172ms, 28059B)
[2026-04-03T02:53:57.079Z] GET https://github.githubassets.com/assets/59852-ef8d9f97624f514a.js → 200 (207ms, 6816B)
[2026-04-03T02:53:57.079Z] GET https://github.githubassets.com/assets/3624-6fb548159c275124.js → 200 (177ms, 26483B)
[2026-04-03T02:53:57.079Z] GET https://github.githubassets.com/assets/66231-1e6cc99727940110.js → 200 (175ms, 17294B)
[2026-04-03T02:53:57.079Z] GET https://github.githubassets.com/assets/36600-b3024c97643f0102.js → 200 (207ms, 33228B)
[2026-04-03T02:53:57.079Z] GET https://github.githubassets.com/assets/33684-8c0b5018276812ee.js → 200 (207ms, 8404B)
[2026-04-03T02:53:57.079Z] GET https://github.githubassets.com/assets/18222-498ac30c45b2263a.js → 200 (212ms, 54941B)
[2026-04-03T02:53:57.079Z] GET https://github.githubassets.com/assets/96755-8619cf5f811a4353.js → 200 (209ms, 9556B)
[2026-04-03T02:53:57.079Z] GET https://github.githubassets.com/assets/4916-50f2539dc1c5e1ee.js → 200 (175ms, 5343B)
[2026-04-03T02:53:57.079Z] GET https://github.githubassets.com/assets/24787-791cfb59d6b5d03c.js → 200 (178ms, 9481B)
[2026-04-03T02:53:57.079Z] GET https://github.githubassets.com/assets/17363-9d3b6dc38025c8e2.js → 200 (179ms, 14645B)
[2026-04-03T02:53:57.080Z] GET https://github.githubassets.com/assets/1097-b805267515cb2087.js → 200 (209ms, 16917B)
[2026-04-03T02:53:57.080Z] GET https://github.githubassets.com/assets/13333-2a2decebccdb5c1f.js → 200 (211ms, 13017B)
[2026-04-03T02:53:57.080Z] GET https://github.githubassets.com/assets/5289-399a52981b09bfae.js → 200 (180ms, 15899B)
[2026-04-03T02:53:57.080Z] GET https://github.githubassets.com/assets/62653-b5fad92fb3c5b665.js → 200 (211ms, 30026B)
[2026-04-03T02:53:57.080Z] GET https://github.githubassets.com/assets/54990-adbf64c5251a4ce5.js → 200 (180ms, 14608B)
[2026-04-03T02:53:57.080Z] GET https://github.githubassets.com/assets/20343-336c13a95643eb69.js → 200 (187ms, 21554B)
[2026-04-03T02:53:57.080Z] GET https://github.githubassets.com/assets/9371-07f06acb4933225b.js → 200 (187ms, 13050B)
[2026-04-03T02:53:57.080Z] GET https://github.githubassets.com/assets/49972-40a4b0a31a6433a6.js → 200 (191ms, 14398B)
[2026-04-03T02:53:57.080Z] GET https://github.githubassets.com/assets/87332-2185f20c984174a1.js → 200 (212ms, 76823B)
[2026-04-03T02:53:57.080Z] GET https://github.githubassets.com/assets/21384-517aaa5f8010485d.js → 200 (191ms, 34492B)
[2026-04-03T02:53:57.080Z] GET https://github.githubassets.com/assets/50110-4385e3caef0c7e52.js → 200 (212ms, 13597B)
[2026-04-03T02:53:57.080Z] GET https://github.githubassets.com/assets/26497-3db8876731818fda.js → 200 (217ms, 92381B)
[2026-04-03T02:53:57.084Z] GET https://github.githubassets.com/assets/66205-ba8d8f244a4626e9.js → 200 (212ms, 60378B)
[2026-04-03T02:53:57.084Z] GET https://github.githubassets.com/assets/45106-197ebc11e66a756f.js → 200 (209ms, 15992B)
[2026-04-03T02:53:57.084Z] GET https://github.githubassets.com/assets/61454-b09ac3d8eaae2866.js → 200 (216ms, 244470B)
[2026-04-03T02:53:57.084Z] GET https://github.githubassets.com/assets/code-view-118e0c52ef8863e2.js → 200 (214ms, 157604B)
[2026-04-03T02:53:57.084Z] GET https://github.githubassets.com/assets/primer-react-css.a2f41fc3ac05567f.module.css → 200 (14ms, 277208B)
[2026-04-03T02:53:57.084Z] GET https://github.githubassets.com/assets/87332.293e1121826dd022.module.css → 200 (13ms, 15924B)
[2026-04-03T02:53:57.085Z] GET https://github.githubassets.com/assets/66205.7991bcdd0cea0dd2.module.css → 200 (12ms, 12222B)
[2026-04-03T02:53:57.085Z] GET https://github.githubassets.com/assets/61454.a9540430471e8db9.module.css → 200 (23ms, 55381B)
[2026-04-03T02:53:57.085Z] GET https://github.githubassets.com/assets/code-view.6a2db30287623770.module.css → 200 (14ms, 21070B)
[2026-04-03T02:53:57.085Z] GET https://github.githubassets.com/assets/75999-af2e3ea53e208314.js → 200 (210ms, 17151B)
[2026-04-03T02:53:57.085Z] GET https://github.githubassets.com/assets/42656-94271233114fb826.js → 200 (210ms, 8686B)
[2026-04-03T02:53:57.085Z] GET https://github.githubassets.com/assets/notifications-subscriptions-menu-2037df81bb0fb115.js → 200 (211ms, 6701B)
[2026-04-03T02:53:57.085Z] GET https://github.githubassets.com/assets/notifications-subscriptions-menu.d14124df928c0132.module.css → 200 (14ms, 2939B)
[2026-04-03T02:53:57.085Z] GET https://github.githubassets.com/assets/keyboard-shortcuts-dialog.f581ff34f52b4167.module.css → 200 (13ms, 331B)
[2026-04-03T02:53:57.085Z] GET https://github.githubassets.com/assets/46752-46c707717fcbe6a9.js → 200 (215ms, 69801B)
[2026-04-03T02:53:57.086Z] GET https://github.githubassets.com/assets/sessions-540a49da117bf56f.js → 200 (212ms, 17137B)
[2026-04-03T02:53:57.086Z] GET https://github.githubassets.com/assets/marketing-navigation.5b4138cab2f44179.module.css → 200 (12ms, 10698B)
[2026-04-03T02:53:57.301Z] GET https://github.githubassets.com/assets/chunk-81053-ad578dfd0f4b86f1.js → 200 (142ms, 54023B)
[2026-04-03T02:53:57.347Z] GET https://github.com/jj-vcs/jj/deferred-metadata/main/cli/src/config/revsets.toml → 200 (321ms, 268B)
[2026-04-03T02:53:57.347Z] GET https://github.com/jj-vcs/jj/latest-commit/main/cli/src/config/revsets.toml → 200 (370ms, 2083B)
[2026-04-03T02:53:57.378Z] GET https://github.githubassets.com/assets/chunk-51591-1317e890ac47146b.js → 200 (114ms, 17786B)
[2026-04-03T02:53:57.378Z] GET https://github.githubassets.com/assets/chunk-34877-fdaec2d7ab775509.js → 200 (112ms, 831B)
[2026-04-03T02:53:57.379Z] GET https://github.githubassets.com/assets/chunk-36423-7610f7b55bc7f34d.js → 200 (113ms, 11314B)
[2026-04-03T02:53:57.379Z] GET https://github.githubassets.com/assets/62758-90f5c6b8a7745117.js → 200 (117ms, 14671B)
[2026-04-03T02:53:57.379Z] GET https://github.githubassets.com/assets/chunk-82097-6038f37a0b084c85.js → 200 (119ms, 8842B)
[2026-04-03T02:53:57.379Z] GET https://github.githubassets.com/assets/2694-eb7c55471169d0e6.js → 200 (116ms, 24001B)
[2026-04-03T02:53:57.379Z] GET https://github.githubassets.com/assets/chunk-23482-b4ecd06fede12e66.js → 200 (114ms, 12159B)
[2026-04-03T02:53:57.379Z] GET https://github.githubassets.com/assets/chunk-57335-95eca4aef7d7626c.js → 200 (117ms, 54395B)
[2026-04-03T02:53:57.379Z] GET https://github.githubassets.com/assets/55077-5c9ca4985817e0f1.js → 200 (115ms, 32175B)
[2026-04-03T02:53:57.379Z] GET https://github.githubassets.com/assets/chunk-78326-75c5610d70c5d5ec.js → 200 (115ms, 362B)
[2026-04-03T02:53:57.379Z] GET https://github.githubassets.com/assets/chunk-50050-27220c8ab6a21ca6.js → 200 (121ms, 678B)
[2026-04-03T02:53:57.380Z] GET https://github.githubassets.com/assets/chunk-54704-99dfdb910e72ad04.js → 200 (125ms, 7469B)
[2026-04-03T02:53:57.380Z] GET https://github.githubassets.com/assets/chunk-69038-ede883175639abbd.js → 200 (125ms, 573B)
[2026-04-03T02:53:57.380Z] GET https://github.githubassets.com/assets/chunk-46661-ffaf826ae5730065.js → 200 (118ms, 10201B)
[2026-04-03T02:53:57.380Z] GET https://github.githubassets.com/assets/3612-2ae11a4cd2d8e228.js → 200 (125ms, 9880B)
[2026-04-03T02:53:57.380Z] GET https://github.githubassets.com/assets/36302-266475991428a1b7.js → 200 (118ms, 9575B)
[2026-04-03T02:53:57.380Z] GET https://github.githubassets.com/assets/38963.f70dfea92b138b01.module.css → 200 (3ms, 311B)
[2026-04-03T02:53:57.380Z] GET https://github.githubassets.com/assets/71236-ed1398bff632952c.js → 200 (120ms, 11429B)
[2026-04-03T02:53:57.380Z] GET https://github.githubassets.com/assets/28174-86d8b64c92c04430.js → 200 (126ms, 85268B)
[2026-04-03T02:53:57.380Z] GET https://github.githubassets.com/assets/86361-6b377f3dc9565471.js → 200 (126ms, 17891B)
[2026-04-03T02:53:57.383Z] GET https://github.githubassets.com/assets/70168.374ce4e648336309.module.css → 200 (1ms, 10683B)
[2026-04-03T02:53:57.525Z] GET https://github.com/jj-vcs/jj/refs?type=branch → pending (?ms, ?B)
[2026-04-03T02:53:57.525Z] GET https://github.com/jj-vcs/jj/refs?type=branch → pending (?ms, ?B)
[2026-04-03T02:53:57.526Z] POST https://collector.github.com/github/collect → pending (?ms, ?B)
[2026-04-03T02:53:57.526Z] GET https://github.com/jj-vcs/jj/refs?type=branch → pending (?ms, ?B)
[2026-04-03T02:53:57.572Z] GET https://github.githubassets.com/assets/chunk-85825-b95e00c532a6f285.js → 200 (64ms, 43838B)
[2026-04-03T02:53:57.572Z] GET https://github.githubassets.com/assets/appearance-settings.6f14ff9973550c9e.module.css → 200 (3ms, 5899B)
[2026-04-03T02:53:57.635Z] GET https://github.githubassets.com/assets/53160-2302d0b8388192b0.js → 200 (3ms, 15507B)
[2026-04-03T02:53:57.635Z] GET https://github.githubassets.com/assets/37160-72dc5a515abc7d3b.js → 200 (3ms, 10415B)
[2026-04-03T02:53:57.635Z] GET https://github.githubassets.com/assets/71849.38231ebf5311d902.module.css → 200 (?ms, 5885B)
[2026-04-03T02:53:57.710Z] POST https://collector.github.com/github/collect → pending (?ms, ?B)
[2026-04-03T02:53:57.768Z] GET https://github.githubassets.com/images/gravatars/gravatar-user-420.png?size=40 → 200 (10ms, ?B)
[2026-04-03T02:53:57.768Z] GET https://avatars.githubusercontent.com/u/43422294?v=4&size=40 → 200 (19ms, ?B)
[2026-04-03T02:53:57.779Z] GET https://github.githubassets.com/assets/61975.bf2bb705802183ac.module.css → 200 (7ms, ?B)
[2026-04-03T02:53:57.779Z] GET https://github.githubassets.com/assets/chunk-61975-77ccc5aab483e9dd.js → 200 (7ms, ?B)
[2026-04-03T02:53:57.781Z] POST https://api.github.com/_private/browser/stats → pending (?ms, ?B)
[2026-04-03T02:53:57.786Z] POST https://collector.github.com/github/collect → pending (?ms, ?B)
[2026-04-03T02:53:57.820Z] POST https://collector.github.com/github/collect → 204 (245ms, ?B)
[2026-04-03T02:54:02.721Z] POST https://collector.github.com/github/collect → pending (?ms, ?B)
